<?xml version="1.0" encoding="UTF-8"?>
<!-- Generated by org.testng.reporters.JUnitXMLReporter -->
<testsuite ignored="2" hostname="Akshay-L14-3Z4D" failures="1" tests="5" name="Test" time="16.82" errors="0" timestamp="2024-06-28T10:53:16 IST">
  <testcase classname="Position2.ArenaSuite.tests.Login" name="inValidLogin" time="1.764"/>
  <testcase classname="Position2.ArenaSuite.tests.Login" name="validLogin" time="0.433"/>
  <testcase classname="Position2.ArenaSuite.tests.DeliveryDashboard" name="assertionCheck" time="2.156"/>
  <testcase classname="Position2.ArenaSuite.tests.DeliveryDashboard" name="saveFilterCreation" time="5.437">
    <failure type="java.lang.AssertionError" message="Filtername 1 was not found in the filter list. expected [true] but found [false]">
      <![CDATA[java.lang.AssertionError: Filtername 1 was not found in the filter list. expected [true] but found [false]
at position2.arenasuite.pageobjects.DeliveryDashboardPage.verifyFilterPresent(DeliveryDashboardPage.java:115)
at Position2.ArenaSuite.tests.DeliveryDashboard.saveFilterCreation(DeliveryDashboard.java:34)
at java.base/java.util.ArrayList.forEach(ArrayList.java:1511)
... Removed 28 stack frames]]>
    </failure>
  </testcase> <!-- saveFilterCreation -->
  <testcase classname="Position2.ArenaSuite.tests.DeliveryDashboard" name="addTimeEntry" time="0.0">
    <skipped/>
  </testcase> <!-- addTimeEntry -->
  <testcase classname="Position2.ArenaSuite.testcomponents.BaseTest" name="@AfterSuite tearDown" time="0.0">
    <ignored/>
  </testcase> <!-- @AfterSuite tearDown -->
  <testcase classname="Position2.ArenaSuite.testcomponents.BaseTest" name="@BeforeSuite initializeDriver" time="0.0">
    <ignored/>
  </testcase> <!-- @BeforeSuite initializeDriver -->
</testsuite> <!-- Test -->
